{"C:\\Users\\mgonz\\Desktop\\obligatorio-barcala_camejo_quevedo\\dominio\\sistema.js": {"path":"C:\\Users\\mgonz\\Desktop\\obligatorio-barcala_camejo_quevedo\\dominio\\sistema.js","statementMap":{"0":{"start":{"line":9,"column":4},"end":{"line":9,"column":28}},"1":{"start":{"line":10,"column":4},"end":{"line":10,"column":32}},"2":{"start":{"line":11,"column":4},"end":{"line":11,"column":30}},"3":{"start":{"line":12,"column":4},"end":{"line":19,"column":22}},"4":{"start":{"line":29,"column":4},"end":{"line":29,"column":48}},"5":{"start":{"line":30,"column":4},"end":{"line":37,"column":22}},"6":{"start":{"line":38,"column":4},"end":{"line":38,"column":54}},"7":{"start":{"line":47,"column":18},"end":{"line":47,"column":19}},"8":{"start":{"line":48,"column":4},"end":{"line":48,"column":44}},"9":{"start":{"line":49,"column":29},"end":{"line":49,"column":65}},"10":{"start":{"line":50,"column":4},"end":{"line":59,"column":5}},"11":{"start":{"line":50,"column":22},"end":{"line":50,"column":23}},"12":{"start":{"line":51,"column":24},"end":{"line":51,"column":48}},"13":{"start":{"line":52,"column":29},"end":{"line":52,"column":59}},"14":{"start":{"line":53,"column":6},"end":{"line":58,"column":7}},"15":{"start":{"line":53,"column":19},"end":{"line":53,"column":20}},"16":{"start":{"line":54,"column":8},"end":{"line":57,"column":9}},"17":{"start":{"line":56,"column":10},"end":{"line":56,"column":33}},"18":{"start":{"line":60,"column":4},"end":{"line":60,"column":53}},"19":{"start":{"line":61,"column":4},"end":{"line":61,"column":19}},"20":{"start":{"line":71,"column":4},"end":{"line":71,"column":44}},"21":{"start":{"line":72,"column":4},"end":{"line":72,"column":34}},"22":{"start":{"line":73,"column":4},"end":{"line":73,"column":34}},"23":{"start":{"line":76,"column":4},"end":{"line":101,"column":5}},"24":{"start":{"line":78,"column":8},"end":{"line":78,"column":19}},"25":{"start":{"line":79,"column":8},"end":{"line":79,"column":14}},"26":{"start":{"line":81,"column":8},"end":{"line":81,"column":19}},"27":{"start":{"line":82,"column":8},"end":{"line":82,"column":14}},"28":{"start":{"line":84,"column":8},"end":{"line":84,"column":19}},"29":{"start":{"line":85,"column":8},"end":{"line":85,"column":14}},"30":{"start":{"line":87,"column":8},"end":{"line":87,"column":19}},"31":{"start":{"line":88,"column":8},"end":{"line":88,"column":14}},"32":{"start":{"line":90,"column":8},"end":{"line":90,"column":19}},"33":{"start":{"line":91,"column":8},"end":{"line":91,"column":14}},"34":{"start":{"line":93,"column":8},"end":{"line":93,"column":19}},"35":{"start":{"line":94,"column":8},"end":{"line":94,"column":14}},"36":{"start":{"line":96,"column":8},"end":{"line":96,"column":19}},"37":{"start":{"line":97,"column":8},"end":{"line":97,"column":14}},"38":{"start":{"line":99,"column":8},"end":{"line":99,"column":19}},"39":{"start":{"line":100,"column":8},"end":{"line":100,"column":14}},"40":{"start":{"line":103,"column":4},"end":{"line":103,"column":24}},"41":{"start":{"line":104,"column":29},"end":{"line":104,"column":58}},"42":{"start":{"line":105,"column":4},"end":{"line":105,"column":56}},"43":{"start":{"line":106,"column":4},"end":{"line":106,"column":42}},"44":{"start":{"line":107,"column":4},"end":{"line":107,"column":57}},"45":{"start":{"line":116,"column":17},"end":{"line":116,"column":22}},"46":{"start":{"line":117,"column":4},"end":{"line":121,"column":5}},"47":{"start":{"line":117,"column":15},"end":{"line":117,"column":16}},"48":{"start":{"line":118,"column":6},"end":{"line":120,"column":7}},"49":{"start":{"line":119,"column":8},"end":{"line":119,"column":20}},"50":{"start":{"line":122,"column":4},"end":{"line":122,"column":16}},"51":{"start":{"line":133,"column":4},"end":{"line":158,"column":5}},"52":{"start":{"line":135,"column":8},"end":{"line":135,"column":19}},"53":{"start":{"line":136,"column":8},"end":{"line":136,"column":14}},"54":{"start":{"line":138,"column":8},"end":{"line":138,"column":19}},"55":{"start":{"line":139,"column":8},"end":{"line":139,"column":14}},"56":{"start":{"line":141,"column":8},"end":{"line":141,"column":19}},"57":{"start":{"line":142,"column":8},"end":{"line":142,"column":14}},"58":{"start":{"line":144,"column":8},"end":{"line":144,"column":19}},"59":{"start":{"line":145,"column":8},"end":{"line":145,"column":14}},"60":{"start":{"line":147,"column":8},"end":{"line":147,"column":19}},"61":{"start":{"line":148,"column":8},"end":{"line":148,"column":14}},"62":{"start":{"line":150,"column":8},"end":{"line":150,"column":19}},"63":{"start":{"line":151,"column":8},"end":{"line":151,"column":14}},"64":{"start":{"line":153,"column":8},"end":{"line":153,"column":19}},"65":{"start":{"line":154,"column":8},"end":{"line":154,"column":14}},"66":{"start":{"line":156,"column":8},"end":{"line":156,"column":19}},"67":{"start":{"line":157,"column":8},"end":{"line":157,"column":14}},"68":{"start":{"line":160,"column":29},"end":{"line":160,"column":58}},"69":{"start":{"line":161,"column":31},"end":{"line":161,"column":55}},"70":{"start":{"line":162,"column":4},"end":{"line":162,"column":54}},"71":{"start":{"line":163,"column":24},"end":{"line":163,"column":26}},"72":{"start":{"line":164,"column":4},"end":{"line":168,"column":5}},"73":{"start":{"line":164,"column":17},"end":{"line":164,"column":18}},"74":{"start":{"line":165,"column":6},"end":{"line":165,"column":30}},"75":{"start":{"line":166,"column":6},"end":{"line":166,"column":57}},"76":{"start":{"line":167,"column":6},"end":{"line":167,"column":46}},"77":{"start":{"line":170,"column":4},"end":{"line":170,"column":45}},"78":{"start":{"line":171,"column":4},"end":{"line":171,"column":23}},"79":{"start":{"line":175,"column":0},"end":{"line":175,"column":25}}},"fnMap":{"0":{"name":"(anonymous_0)","decl":{"start":{"line":8,"column":2},"end":{"line":8,"column":3}},"loc":{"start":{"line":8,"column":16},"end":{"line":20,"column":3}},"line":8},"1":{"name":"(anonymous_1)","decl":{"start":{"line":28,"column":2},"end":{"line":28,"column":3}},"loc":{"start":{"line":28,"column":41},"end":{"line":39,"column":3}},"line":28},"2":{"name":"(anonymous_2)","decl":{"start":{"line":46,"column":2},"end":{"line":46,"column":3}},"loc":{"start":{"line":46,"column":27},"end":{"line":62,"column":3}},"line":46},"3":{"name":"(anonymous_3)","decl":{"start":{"line":70,"column":2},"end":{"line":70,"column":3}},"loc":{"start":{"line":70,"column":46},"end":{"line":108,"column":3}},"line":70},"4":{"name":"(anonymous_4)","decl":{"start":{"line":115,"column":2},"end":{"line":115,"column":3}},"loc":{"start":{"line":115,"column":22},"end":{"line":123,"column":3}},"line":115},"5":{"name":"(anonymous_5)","decl":{"start":{"line":131,"column":2},"end":{"line":131,"column":3}},"loc":{"start":{"line":131,"column":35},"end":{"line":172,"column":3}},"line":131}},"branchMap":{"0":{"loc":{"start":{"line":54,"column":8},"end":{"line":57,"column":9}},"type":"if","locations":[{"start":{"line":54,"column":8},"end":{"line":57,"column":9}},{"start":{},"end":{}}],"line":54},"1":{"loc":{"start":{"line":54,"column":12},"end":{"line":55,"column":63}},"type":"binary-expr","locations":[{"start":{"line":54,"column":12},"end":{"line":54,"column":59}},{"start":{"line":55,"column":12},"end":{"line":55,"column":63}}],"line":54},"2":{"loc":{"start":{"line":76,"column":4},"end":{"line":101,"column":5}},"type":"switch","locations":[{"start":{"line":77,"column":6},"end":{"line":79,"column":14}},{"start":{"line":80,"column":6},"end":{"line":82,"column":14}},{"start":{"line":83,"column":6},"end":{"line":85,"column":14}},{"start":{"line":86,"column":6},"end":{"line":88,"column":14}},{"start":{"line":89,"column":6},"end":{"line":91,"column":14}},{"start":{"line":92,"column":6},"end":{"line":94,"column":14}},{"start":{"line":95,"column":6},"end":{"line":97,"column":14}},{"start":{"line":98,"column":6},"end":{"line":100,"column":14}}],"line":76},"3":{"loc":{"start":{"line":118,"column":6},"end":{"line":120,"column":7}},"type":"if","locations":[{"start":{"line":118,"column":6},"end":{"line":120,"column":7}},{"start":{},"end":{}}],"line":118},"4":{"loc":{"start":{"line":133,"column":4},"end":{"line":158,"column":5}},"type":"switch","locations":[{"start":{"line":134,"column":6},"end":{"line":136,"column":14}},{"start":{"line":137,"column":6},"end":{"line":139,"column":14}},{"start":{"line":140,"column":6},"end":{"line":142,"column":14}},{"start":{"line":143,"column":6},"end":{"line":145,"column":14}},{"start":{"line":146,"column":6},"end":{"line":148,"column":14}},{"start":{"line":149,"column":6},"end":{"line":151,"column":14}},{"start":{"line":152,"column":6},"end":{"line":154,"column":14}},{"start":{"line":155,"column":6},"end":{"line":157,"column":14}}],"line":133}},"s":{"0":1,"1":1,"2":1,"3":1,"4":1,"5":1,"6":1,"7":1,"8":1,"9":1,"10":1,"11":1,"12":8,"13":8,"14":8,"15":8,"16":48,"17":1,"18":1,"19":1,"20":1,"21":1,"22":1,"23":1,"24":1,"25":1,"26":0,"27":0,"28":0,"29":0,"30":0,"31":0,"32":0,"33":0,"34":0,"35":0,"36":0,"37":0,"38":0,"39":0,"40":1,"41":1,"42":1,"43":1,"44":1,"45":0,"46":0,"47":0,"48":0,"49":0,"50":0,"51":0,"52":0,"53":0,"54":0,"55":0,"56":0,"57":0,"58":0,"59":0,"60":0,"61":0,"62":0,"63":0,"64":0,"65":0,"66":0,"67":0,"68":0,"69":0,"70":0,"71":0,"72":0,"73":0,"74":0,"75":0,"76":0,"77":0,"78":0,"79":1},"f":{"0":1,"1":1,"2":1,"3":1,"4":0,"5":0},"b":{"0":[1,47],"1":[48,2],"2":[1,0,0,0,0,0,0,0],"3":[0,0],"4":[0,0,0,0,0,0,0,0]},"_coverageSchema":"1a1c01bbd47fc00a2c39e90264f33305004495a9","hash":"fc8495a9584a6537739be241acb647d1b8584c15"}
,"C:\\Users\\mgonz\\Desktop\\obligatorio-barcala_camejo_quevedo\\dominio\\usuario.js": {"path":"C:\\Users\\mgonz\\Desktop\\obligatorio-barcala_camejo_quevedo\\dominio\\usuario.js","statementMap":{"0":{"start":{"line":3,"column":8},"end":{"line":3,"column":27}},"1":{"start":{"line":4,"column":8},"end":{"line":4,"column":33}},"2":{"start":{"line":5,"column":8},"end":{"line":5,"column":29}},"3":{"start":{"line":9,"column":8},"end":{"line":9,"column":42}},"4":{"start":{"line":13,"column":0},"end":{"line":13,"column":25}}},"fnMap":{"0":{"name":"(anonymous_0)","decl":{"start":{"line":2,"column":4},"end":{"line":2,"column":5}},"loc":{"start":{"line":2,"column":39},"end":{"line":6,"column":5}},"line":2},"1":{"name":"(anonymous_1)","decl":{"start":{"line":8,"column":4},"end":{"line":8,"column":5}},"loc":{"start":{"line":8,"column":14},"end":{"line":10,"column":5}},"line":8}},"branchMap":{},"s":{"0":2,"1":2,"2":2,"3":0,"4":2},"f":{"0":2,"1":0},"b":{},"_coverageSchema":"1a1c01bbd47fc00a2c39e90264f33305004495a9","hash":"bfd08602f9f3923951f89b8a04f8304316f63c04"}
}
