{"C:\\Users\\mgonz\\Desktop\\obligatorio-barcala_camejo_quevedo\\dominio\\balance.js": {"path":"C:\\Users\\mgonz\\Desktop\\obligatorio-barcala_camejo_quevedo\\dominio\\balance.js","statementMap":{"0":{"start":{"line":3,"column":8},"end":{"line":3,"column":30}},"1":{"start":{"line":4,"column":8},"end":{"line":4,"column":29}},"2":{"start":{"line":5,"column":2},"end":{"line":5,"column":25}},"3":{"start":{"line":6,"column":8},"end":{"line":6,"column":29}},"4":{"start":{"line":7,"column":8},"end":{"line":7,"column":29}},"5":{"start":{"line":11,"column":2},"end":{"line":11,"column":27}},"6":{"start":{"line":14,"column":8},"end":{"line":14,"column":32}},"7":{"start":{"line":17,"column":8},"end":{"line":17,"column":33}},"8":{"start":{"line":20,"column":8},"end":{"line":20,"column":31}},"9":{"start":{"line":23,"column":8},"end":{"line":23,"column":31}},"10":{"start":{"line":27,"column":8},"end":{"line":27,"column":40}},"11":{"start":{"line":28,"column":8},"end":{"line":28,"column":44}},"12":{"start":{"line":31,"column":8},"end":{"line":31,"column":37}},"13":{"start":{"line":32,"column":8},"end":{"line":32,"column":43}},"14":{"start":{"line":35,"column":8},"end":{"line":35,"column":37}},"15":{"start":{"line":36,"column":8},"end":{"line":36,"column":42}},"16":{"start":{"line":39,"column":8},"end":{"line":39,"column":55}},"17":{"start":{"line":40,"column":8},"end":{"line":40,"column":51}},"18":{"start":{"line":43,"column":8},"end":{"line":43,"column":58}},"19":{"start":{"line":44,"column":8},"end":{"line":44,"column":52}},"20":{"start":{"line":48,"column":8},"end":{"line":48,"column":55}},"21":{"start":{"line":49,"column":8},"end":{"line":49,"column":50}},"22":{"start":{"line":53,"column":29},"end":{"line":53,"column":34}},"23":{"start":{"line":54,"column":8},"end":{"line":84,"column":9}},"24":{"start":{"line":54,"column":20},"end":{"line":54,"column":21}},"25":{"start":{"line":55,"column":26},"end":{"line":55,"column":33}},"26":{"start":{"line":56,"column":31},"end":{"line":56,"column":35}},"27":{"start":{"line":59,"column":12},"end":{"line":78,"column":15}},"28":{"start":{"line":60,"column":16},"end":{"line":77,"column":17}},"29":{"start":{"line":61,"column":20},"end":{"line":67,"column":21}},"30":{"start":{"line":62,"column":24},"end":{"line":62,"column":36}},"31":{"start":{"line":65,"column":24},"end":{"line":65,"column":45}},"32":{"start":{"line":66,"column":24},"end":{"line":66,"column":37}},"33":{"start":{"line":70,"column":20},"end":{"line":76,"column":21}},"34":{"start":{"line":71,"column":24},"end":{"line":71,"column":35}},"35":{"start":{"line":74,"column":24},"end":{"line":74,"column":45}},"36":{"start":{"line":75,"column":24},"end":{"line":75,"column":37}},"37":{"start":{"line":79,"column":12},"end":{"line":83,"column":13}},"38":{"start":{"line":80,"column":16},"end":{"line":80,"column":33}},"39":{"start":{"line":81,"column":16},"end":{"line":81,"column":38}},"40":{"start":{"line":82,"column":16},"end":{"line":82,"column":22}},"41":{"start":{"line":87,"column":8},"end":{"line":87,"column":61}},"42":{"start":{"line":88,"column":8},"end":{"line":88,"column":58}},"43":{"start":{"line":89,"column":8},"end":{"line":89,"column":58}},"44":{"start":{"line":93,"column":8},"end":{"line":106,"column":9}},"45":{"start":{"line":93,"column":20},"end":{"line":93,"column":33}},"46":{"start":{"line":94,"column":24},"end":{"line":94,"column":34}},"47":{"start":{"line":95,"column":26},"end":{"line":95,"column":33}},"48":{"start":{"line":96,"column":12},"end":{"line":105,"column":13}},"49":{"start":{"line":97,"column":16},"end":{"line":104,"column":17}},"50":{"start":{"line":99,"column":24},"end":{"line":99,"column":60}},"51":{"start":{"line":101,"column":24},"end":{"line":101,"column":59}},"52":{"start":{"line":103,"column":24},"end":{"line":103,"column":59}},"53":{"start":{"line":109,"column":0},"end":{"line":109,"column":25}}},"fnMap":{"0":{"name":"(anonymous_0)","decl":{"start":{"line":2,"column":1},"end":{"line":2,"column":2}},"loc":{"start":{"line":2,"column":15},"end":{"line":8,"column":2}},"line":2},"1":{"name":"(anonymous_1)","decl":{"start":{"line":10,"column":1},"end":{"line":10,"column":2}},"loc":{"start":{"line":10,"column":19},"end":{"line":12,"column":2}},"line":10},"2":{"name":"(anonymous_2)","decl":{"start":{"line":13,"column":4},"end":{"line":13,"column":5}},"loc":{"start":{"line":13,"column":20},"end":{"line":15,"column":5}},"line":13},"3":{"name":"(anonymous_3)","decl":{"start":{"line":16,"column":4},"end":{"line":16,"column":5}},"loc":{"start":{"line":16,"column":21},"end":{"line":18,"column":5}},"line":16},"4":{"name":"(anonymous_4)","decl":{"start":{"line":19,"column":4},"end":{"line":19,"column":5}},"loc":{"start":{"line":19,"column":19},"end":{"line":21,"column":5}},"line":19},"5":{"name":"(anonymous_5)","decl":{"start":{"line":22,"column":4},"end":{"line":22,"column":5}},"loc":{"start":{"line":22,"column":19},"end":{"line":24,"column":5}},"line":22},"6":{"name":"(anonymous_6)","decl":{"start":{"line":26,"column":4},"end":{"line":26,"column":5}},"loc":{"start":{"line":26,"column":33},"end":{"line":29,"column":5}},"line":26},"7":{"name":"(anonymous_7)","decl":{"start":{"line":30,"column":4},"end":{"line":30,"column":5}},"loc":{"start":{"line":30,"column":31},"end":{"line":33,"column":5}},"line":30},"8":{"name":"(anonymous_8)","decl":{"start":{"line":34,"column":4},"end":{"line":34,"column":5}},"loc":{"start":{"line":34,"column":27},"end":{"line":37,"column":5}},"line":34},"9":{"name":"(anonymous_9)","decl":{"start":{"line":38,"column":4},"end":{"line":38,"column":5}},"loc":{"start":{"line":38,"column":40},"end":{"line":41,"column":5}},"line":38},"10":{"name":"(anonymous_10)","decl":{"start":{"line":42,"column":4},"end":{"line":42,"column":5}},"loc":{"start":{"line":42,"column":42},"end":{"line":46,"column":5}},"line":42},"11":{"name":"(anonymous_11)","decl":{"start":{"line":47,"column":4},"end":{"line":47,"column":5}},"loc":{"start":{"line":47,"column":40},"end":{"line":50,"column":5}},"line":47},"12":{"name":"(anonymous_12)","decl":{"start":{"line":51,"column":4},"end":{"line":51,"column":5}},"loc":{"start":{"line":51,"column":35},"end":{"line":85,"column":5}},"line":51},"13":{"name":"(anonymous_13)","decl":{"start":{"line":59,"column":47},"end":{"line":59,"column":48}},"loc":{"start":{"line":59,"column":54},"end":{"line":78,"column":13}},"line":59},"14":{"name":"(anonymous_14)","decl":{"start":{"line":86,"column":4},"end":{"line":86,"column":5}},"loc":{"start":{"line":86,"column":20},"end":{"line":91,"column":5}},"line":86},"15":{"name":"(anonymous_15)","decl":{"start":{"line":92,"column":4},"end":{"line":92,"column":5}},"loc":{"start":{"line":92,"column":28},"end":{"line":107,"column":5}},"line":92}},"branchMap":{"0":{"loc":{"start":{"line":54,"column":23},"end":{"line":54,"column":57}},"type":"binary-expr","locations":[{"start":{"line":54,"column":23},"end":{"line":54,"column":38}},{"start":{"line":54,"column":42},"end":{"line":54,"column":57}}],"line":54},"1":{"loc":{"start":{"line":60,"column":16},"end":{"line":77,"column":17}},"type":"if","locations":[{"start":{"line":60,"column":16},"end":{"line":77,"column":17}},{"start":{"line":69,"column":20},"end":{"line":77,"column":17}}],"line":60},"2":{"loc":{"start":{"line":61,"column":20},"end":{"line":67,"column":21}},"type":"if","locations":[{"start":{"line":61,"column":20},"end":{"line":67,"column":21}},{"start":{"line":64,"column":24},"end":{"line":67,"column":21}}],"line":61},"3":{"loc":{"start":{"line":70,"column":20},"end":{"line":76,"column":21}},"type":"if","locations":[{"start":{"line":70,"column":20},"end":{"line":76,"column":21}},{"start":{"line":73,"column":24},"end":{"line":76,"column":21}}],"line":70},"4":{"loc":{"start":{"line":79,"column":12},"end":{"line":83,"column":13}},"type":"if","locations":[{"start":{"line":79,"column":12},"end":{"line":83,"column":13}},{"start":{},"end":{}}],"line":79},"5":{"loc":{"start":{"line":96,"column":12},"end":{"line":105,"column":13}},"type":"if","locations":[{"start":{"line":96,"column":12},"end":{"line":105,"column":13}},{"start":{},"end":{}}],"line":96},"6":{"loc":{"start":{"line":96,"column":15},"end":{"line":96,"column":82}},"type":"binary-expr","locations":[{"start":{"line":96,"column":15},"end":{"line":96,"column":33}},{"start":{"line":96,"column":38},"end":{"line":96,"column":81}}],"line":96},"7":{"loc":{"start":{"line":97,"column":16},"end":{"line":104,"column":17}},"type":"switch","locations":[{"start":{"line":98,"column":20},"end":{"line":99,"column":60}},{"start":{"line":100,"column":20},"end":{"line":101,"column":59}},{"start":{"line":102,"column":20},"end":{"line":103,"column":59}}],"line":97}},"s":{"0":1,"1":1,"2":1,"3":1,"4":1,"5":2,"6":1,"7":5,"8":6,"9":4,"10":2,"11":2,"12":1,"13":1,"14":2,"15":2,"16":5,"17":5,"18":3,"19":3,"20":3,"21":3,"22":11,"23":11,"24":11,"25":10,"26":10,"27":10,"28":32,"29":5,"30":4,"31":1,"32":1,"33":27,"34":22,"35":5,"36":5,"37":10,"38":4,"39":4,"40":4,"41":1,"42":1,"43":1,"44":3,"45":3,"46":3,"47":3,"48":3,"49":2,"50":1,"51":2,"52":2,"53":1},"f":{"0":1,"1":2,"2":1,"3":5,"4":6,"5":4,"6":2,"7":1,"8":2,"9":5,"10":3,"11":3,"12":11,"13":32,"14":1,"15":3},"b":{"0":[17,10],"1":[5,27],"2":[4,1],"3":[22,5],"4":[4,6],"5":[2,1],"6":[3,3],"7":[1,2,2]},"_coverageSchema":"1a1c01bbd47fc00a2c39e90264f33305004495a9","hash":"9071b2ab6fcf73a32742724e5457dcf6f403d988"}
,"C:\\Users\\mgonz\\Desktop\\obligatorio-barcala_camejo_quevedo\\dominio\\category.js": {"path":"C:\\Users\\mgonz\\Desktop\\obligatorio-barcala_camejo_quevedo\\dominio\\category.js","statementMap":{"0":{"start":{"line":4,"column":8},"end":{"line":4,"column":38}},"1":{"start":{"line":5,"column":8},"end":{"line":5,"column":38}},"2":{"start":{"line":6,"column":8},"end":{"line":6,"column":40}},"3":{"start":{"line":7,"column":8},"end":{"line":7,"column":46}},"4":{"start":{"line":11,"column":8},"end":{"line":11,"column":27}},"5":{"start":{"line":17,"column":0},"end":{"line":17,"column":26}}},"fnMap":{"0":{"name":"(anonymous_0)","decl":{"start":{"line":2,"column":4},"end":{"line":2,"column":5}},"loc":{"start":{"line":2,"column":26},"end":{"line":8,"column":5}},"line":2},"1":{"name":"(anonymous_1)","decl":{"start":{"line":10,"column":4},"end":{"line":10,"column":5}},"loc":{"start":{"line":10,"column":17},"end":{"line":12,"column":5}},"line":10}},"branchMap":{},"s":{"0":1,"1":1,"2":1,"3":1,"4":1,"5":1},"f":{"0":1,"1":1},"b":{},"_coverageSchema":"1a1c01bbd47fc00a2c39e90264f33305004495a9","hash":"c19bb097e1eff34a3f5e20522d0d5b5f3f4c03bf"}
,"C:\\Users\\mgonz\\Desktop\\obligatorio-barcala_camejo_quevedo\\dominio\\expense.js": {"path":"C:\\Users\\mgonz\\Desktop\\obligatorio-barcala_camejo_quevedo\\dominio\\expense.js","statementMap":{"0":{"start":{"line":4,"column":2},"end":{"line":4,"column":32}},"1":{"start":{"line":5,"column":8},"end":{"line":5,"column":42}},"2":{"start":{"line":6,"column":8},"end":{"line":6,"column":48}},"3":{"start":{"line":7,"column":8},"end":{"line":7,"column":46}},"4":{"start":{"line":8,"column":8},"end":{"line":8,"column":46}},"5":{"start":{"line":9,"column":8},"end":{"line":9,"column":46}},"6":{"start":{"line":10,"column":8},"end":{"line":10,"column":30}},"7":{"start":{"line":14,"column":2},"end":{"line":21,"column":4}},"8":{"start":{"line":26,"column":0},"end":{"line":26,"column":25}}},"fnMap":{"0":{"name":"(anonymous_0)","decl":{"start":{"line":3,"column":1},"end":{"line":3,"column":2}},"loc":{"start":{"line":3,"column":24},"end":{"line":11,"column":2}},"line":3},"1":{"name":"(anonymous_1)","decl":{"start":{"line":13,"column":1},"end":{"line":13,"column":2}},"loc":{"start":{"line":13,"column":14},"end":{"line":22,"column":2}},"line":13}},"branchMap":{},"s":{"0":3,"1":3,"2":3,"3":3,"4":3,"5":3,"6":3,"7":3,"8":2},"f":{"0":3,"1":3},"b":{},"_coverageSchema":"1a1c01bbd47fc00a2c39e90264f33305004495a9","hash":"e059bd5f4a3790f9fff76228087dab276c6212e5"}
,"C:\\Users\\mgonz\\Desktop\\obligatorio-barcala_camejo_quevedo\\dominio\\income.js": {"path":"C:\\Users\\mgonz\\Desktop\\obligatorio-barcala_camejo_quevedo\\dominio\\income.js","statementMap":{"0":{"start":{"line":3,"column":2},"end":{"line":3,"column":32}},"1":{"start":{"line":4,"column":8},"end":{"line":4,"column":42}},"2":{"start":{"line":5,"column":8},"end":{"line":5,"column":48}},"3":{"start":{"line":6,"column":8},"end":{"line":6,"column":46}},"4":{"start":{"line":7,"column":8},"end":{"line":7,"column":46}},"5":{"start":{"line":8,"column":8},"end":{"line":8,"column":29}},"6":{"start":{"line":12,"column":2},"end":{"line":18,"column":4}},"7":{"start":{"line":23,"column":0},"end":{"line":23,"column":24}}},"fnMap":{"0":{"name":"(anonymous_0)","decl":{"start":{"line":2,"column":1},"end":{"line":2,"column":2}},"loc":{"start":{"line":2,"column":24},"end":{"line":9,"column":2}},"line":2},"1":{"name":"(anonymous_1)","decl":{"start":{"line":11,"column":1},"end":{"line":11,"column":2}},"loc":{"start":{"line":11,"column":13},"end":{"line":19,"column":2}},"line":11}},"branchMap":{},"s":{"0":4,"1":4,"2":4,"3":4,"4":4,"5":4,"6":2,"7":2},"f":{"0":4,"1":2},"b":{},"_coverageSchema":"1a1c01bbd47fc00a2c39e90264f33305004495a9","hash":"b82f69433fe85d94dde57abd0299768559cd192b"}
,"C:\\Users\\mgonz\\Desktop\\obligatorio-barcala_camejo_quevedo\\dominio\\saving.js": {"path":"C:\\Users\\mgonz\\Desktop\\obligatorio-barcala_camejo_quevedo\\dominio\\saving.js","statementMap":{"0":{"start":{"line":3,"column":8},"end":{"line":3,"column":38}},"1":{"start":{"line":4,"column":8},"end":{"line":4,"column":42}},"2":{"start":{"line":5,"column":8},"end":{"line":5,"column":48}},"3":{"start":{"line":6,"column":8},"end":{"line":6,"column":46}},"4":{"start":{"line":7,"column":8},"end":{"line":7,"column":46}},"5":{"start":{"line":8,"column":8},"end":{"line":8,"column":29}},"6":{"start":{"line":11,"column":2},"end":{"line":18,"column":4}},"7":{"start":{"line":21,"column":0},"end":{"line":21,"column":24}}},"fnMap":{"0":{"name":"(anonymous_0)","decl":{"start":{"line":2,"column":4},"end":{"line":2,"column":5}},"loc":{"start":{"line":2,"column":26},"end":{"line":9,"column":5}},"line":2},"1":{"name":"(anonymous_1)","decl":{"start":{"line":10,"column":4},"end":{"line":10,"column":5}},"loc":{"start":{"line":10,"column":16},"end":{"line":19,"column":2}},"line":10}},"branchMap":{},"s":{"0":3,"1":3,"2":3,"3":3,"4":3,"5":3,"6":1,"7":2},"f":{"0":3,"1":1},"b":{},"_coverageSchema":"1a1c01bbd47fc00a2c39e90264f33305004495a9","hash":"39cdc8a65c15bfc54d6692c8c38835edbd2813c8"}
,"C:\\Users\\mgonz\\Desktop\\obligatorio-barcala_camejo_quevedo\\dominio\\sistema.js": {"path":"C:\\Users\\mgonz\\Desktop\\obligatorio-barcala_camejo_quevedo\\dominio\\sistema.js","statementMap":{"0":{"start":{"line":3,"column":16},"end":{"line":3,"column":36}},"1":{"start":{"line":8,"column":8},"end":{"line":8,"column":32}},"2":{"start":{"line":9,"column":8},"end":{"line":9,"column":36}},"3":{"start":{"line":10,"column":8},"end":{"line":10,"column":34}},"4":{"start":{"line":11,"column":8},"end":{"line":11,"column":134}},"5":{"start":{"line":16,"column":8},"end":{"line":16,"column":52}},"6":{"start":{"line":17,"column":8},"end":{"line":17,"column":176}},"7":{"start":{"line":18,"column":8},"end":{"line":18,"column":58}},"8":{"start":{"line":22,"column":22},"end":{"line":22,"column":23}},"9":{"start":{"line":23,"column":8},"end":{"line":23,"column":48}},"10":{"start":{"line":24,"column":31},"end":{"line":24,"column":67}},"11":{"start":{"line":25,"column":8},"end":{"line":33,"column":9}},"12":{"start":{"line":25,"column":25},"end":{"line":25,"column":26}},"13":{"start":{"line":26,"column":28},"end":{"line":26,"column":52}},"14":{"start":{"line":27,"column":33},"end":{"line":27,"column":63}},"15":{"start":{"line":28,"column":12},"end":{"line":32,"column":13}},"16":{"start":{"line":28,"column":24},"end":{"line":28,"column":25}},"17":{"start":{"line":29,"column":16},"end":{"line":31,"column":17}},"18":{"start":{"line":30,"column":20},"end":{"line":30,"column":43}},"19":{"start":{"line":34,"column":8},"end":{"line":34,"column":57}},"20":{"start":{"line":35,"column":8},"end":{"line":35,"column":23}},"21":{"start":{"line":39,"column":8},"end":{"line":39,"column":48}},"22":{"start":{"line":40,"column":8},"end":{"line":40,"column":38}},"23":{"start":{"line":41,"column":8},"end":{"line":41,"column":38}},"24":{"start":{"line":44,"column":8},"end":{"line":69,"column":9}},"25":{"start":{"line":46,"column":16},"end":{"line":46,"column":27}},"26":{"start":{"line":47,"column":16},"end":{"line":47,"column":22}},"27":{"start":{"line":49,"column":16},"end":{"line":49,"column":27}},"28":{"start":{"line":50,"column":16},"end":{"line":50,"column":22}},"29":{"start":{"line":52,"column":16},"end":{"line":52,"column":27}},"30":{"start":{"line":53,"column":16},"end":{"line":53,"column":22}},"31":{"start":{"line":55,"column":16},"end":{"line":55,"column":27}},"32":{"start":{"line":56,"column":16},"end":{"line":56,"column":22}},"33":{"start":{"line":58,"column":16},"end":{"line":58,"column":27}},"34":{"start":{"line":59,"column":16},"end":{"line":59,"column":22}},"35":{"start":{"line":61,"column":16},"end":{"line":61,"column":27}},"36":{"start":{"line":62,"column":16},"end":{"line":62,"column":22}},"37":{"start":{"line":64,"column":16},"end":{"line":64,"column":27}},"38":{"start":{"line":65,"column":16},"end":{"line":65,"column":22}},"39":{"start":{"line":67,"column":16},"end":{"line":67,"column":27}},"40":{"start":{"line":68,"column":16},"end":{"line":68,"column":22}},"41":{"start":{"line":71,"column":8},"end":{"line":71,"column":27}},"42":{"start":{"line":72,"column":31},"end":{"line":72,"column":60}},"43":{"start":{"line":73,"column":8},"end":{"line":73,"column":60}},"44":{"start":{"line":74,"column":8},"end":{"line":74,"column":46}},"45":{"start":{"line":75,"column":8},"end":{"line":75,"column":61}},"46":{"start":{"line":79,"column":21},"end":{"line":79,"column":26}},"47":{"start":{"line":80,"column":8},"end":{"line":84,"column":9}},"48":{"start":{"line":80,"column":18},"end":{"line":80,"column":19}},"49":{"start":{"line":81,"column":12},"end":{"line":83,"column":13}},"50":{"start":{"line":82,"column":16},"end":{"line":82,"column":28}},"51":{"start":{"line":85,"column":8},"end":{"line":85,"column":20}},"52":{"start":{"line":90,"column":8},"end":{"line":115,"column":9}},"53":{"start":{"line":92,"column":16},"end":{"line":92,"column":27}},"54":{"start":{"line":93,"column":16},"end":{"line":93,"column":22}},"55":{"start":{"line":95,"column":16},"end":{"line":95,"column":27}},"56":{"start":{"line":96,"column":16},"end":{"line":96,"column":22}},"57":{"start":{"line":98,"column":16},"end":{"line":98,"column":27}},"58":{"start":{"line":99,"column":16},"end":{"line":99,"column":22}},"59":{"start":{"line":101,"column":16},"end":{"line":101,"column":27}},"60":{"start":{"line":102,"column":16},"end":{"line":102,"column":22}},"61":{"start":{"line":104,"column":16},"end":{"line":104,"column":27}},"62":{"start":{"line":105,"column":16},"end":{"line":105,"column":22}},"63":{"start":{"line":107,"column":16},"end":{"line":107,"column":27}},"64":{"start":{"line":108,"column":16},"end":{"line":108,"column":22}},"65":{"start":{"line":110,"column":16},"end":{"line":110,"column":27}},"66":{"start":{"line":111,"column":16},"end":{"line":111,"column":22}},"67":{"start":{"line":113,"column":16},"end":{"line":113,"column":27}},"68":{"start":{"line":114,"column":16},"end":{"line":114,"column":22}},"69":{"start":{"line":117,"column":31},"end":{"line":117,"column":60}},"70":{"start":{"line":118,"column":33},"end":{"line":118,"column":57}},"71":{"start":{"line":119,"column":8},"end":{"line":119,"column":58}},"72":{"start":{"line":120,"column":26},"end":{"line":120,"column":28}},"73":{"start":{"line":121,"column":8},"end":{"line":125,"column":11}},"74":{"start":{"line":121,"column":20},"end":{"line":121,"column":21}},"75":{"start":{"line":122,"column":12},"end":{"line":122,"column":36}},"76":{"start":{"line":123,"column":12},"end":{"line":123,"column":63}},"77":{"start":{"line":124,"column":12},"end":{"line":124,"column":52}},"78":{"start":{"line":127,"column":8},"end":{"line":127,"column":49}},"79":{"start":{"line":128,"column":8},"end":{"line":128,"column":27}},"80":{"start":{"line":135,"column":0},"end":{"line":135,"column":25}}},"fnMap":{"0":{"name":"(anonymous_0)","decl":{"start":{"line":7,"column":4},"end":{"line":7,"column":5}},"loc":{"start":{"line":7,"column":17},"end":{"line":12,"column":5}},"line":7},"1":{"name":"(anonymous_1)","decl":{"start":{"line":15,"column":4},"end":{"line":15,"column":5}},"loc":{"start":{"line":15,"column":42},"end":{"line":19,"column":5}},"line":15},"2":{"name":"(anonymous_2)","decl":{"start":{"line":21,"column":4},"end":{"line":21,"column":5}},"loc":{"start":{"line":21,"column":28},"end":{"line":36,"column":5}},"line":21},"3":{"name":"(anonymous_3)","decl":{"start":{"line":38,"column":4},"end":{"line":38,"column":5}},"loc":{"start":{"line":38,"column":48},"end":{"line":76,"column":5}},"line":38},"4":{"name":"(anonymous_4)","decl":{"start":{"line":78,"column":4},"end":{"line":78,"column":5}},"loc":{"start":{"line":78,"column":23},"end":{"line":86,"column":5}},"line":78},"5":{"name":"(anonymous_5)","decl":{"start":{"line":88,"column":4},"end":{"line":88,"column":5}},"loc":{"start":{"line":88,"column":37},"end":{"line":131,"column":5}},"line":88}},"branchMap":{"0":{"loc":{"start":{"line":29,"column":16},"end":{"line":31,"column":17}},"type":"if","locations":[{"start":{"line":29,"column":16},"end":{"line":31,"column":17}},{"start":{},"end":{}}],"line":29},"1":{"loc":{"start":{"line":29,"column":19},"end":{"line":29,"column":121}},"type":"binary-expr","locations":[{"start":{"line":29,"column":19},"end":{"line":29,"column":66}},{"start":{"line":29,"column":70},"end":{"line":29,"column":121}}],"line":29},"2":{"loc":{"start":{"line":44,"column":8},"end":{"line":69,"column":9}},"type":"switch","locations":[{"start":{"line":45,"column":12},"end":{"line":47,"column":22}},{"start":{"line":48,"column":12},"end":{"line":50,"column":22}},{"start":{"line":51,"column":12},"end":{"line":53,"column":22}},{"start":{"line":54,"column":12},"end":{"line":56,"column":22}},{"start":{"line":57,"column":12},"end":{"line":59,"column":22}},{"start":{"line":60,"column":12},"end":{"line":62,"column":22}},{"start":{"line":63,"column":12},"end":{"line":65,"column":22}},{"start":{"line":66,"column":12},"end":{"line":68,"column":22}}],"line":44},"3":{"loc":{"start":{"line":81,"column":12},"end":{"line":83,"column":13}},"type":"if","locations":[{"start":{"line":81,"column":12},"end":{"line":83,"column":13}},{"start":{},"end":{}}],"line":81},"4":{"loc":{"start":{"line":90,"column":8},"end":{"line":115,"column":9}},"type":"switch","locations":[{"start":{"line":91,"column":12},"end":{"line":93,"column":22}},{"start":{"line":94,"column":12},"end":{"line":96,"column":22}},{"start":{"line":97,"column":12},"end":{"line":99,"column":22}},{"start":{"line":100,"column":12},"end":{"line":102,"column":22}},{"start":{"line":103,"column":12},"end":{"line":105,"column":22}},{"start":{"line":106,"column":12},"end":{"line":108,"column":22}},{"start":{"line":109,"column":12},"end":{"line":111,"column":22}},{"start":{"line":112,"column":12},"end":{"line":114,"column":22}}],"line":90}},"s":{"0":1,"1":1,"2":1,"3":1,"4":1,"5":1,"6":1,"7":1,"8":1,"9":1,"10":1,"11":1,"12":1,"13":8,"14":8,"15":8,"16":8,"17":41,"18":1,"19":1,"20":1,"21":1,"22":1,"23":1,"24":1,"25":1,"26":1,"27":0,"28":0,"29":0,"30":0,"31":0,"32":0,"33":0,"34":0,"35":0,"36":0,"37":0,"38":0,"39":0,"40":0,"41":1,"42":1,"43":1,"44":1,"45":1,"46":0,"47":0,"48":0,"49":0,"50":0,"51":0,"52":0,"53":0,"54":0,"55":0,"56":0,"57":0,"58":0,"59":0,"60":0,"61":0,"62":0,"63":0,"64":0,"65":0,"66":0,"67":0,"68":0,"69":0,"70":0,"71":0,"72":0,"73":0,"74":0,"75":0,"76":0,"77":0,"78":0,"79":0,"80":1},"f":{"0":1,"1":1,"2":1,"3":1,"4":0,"5":0},"b":{"0":[1,40],"1":[41,2],"2":[1,0,0,0,0,0,0,0],"3":[0,0],"4":[0,0,0,0,0,0,0,0]},"_coverageSchema":"1a1c01bbd47fc00a2c39e90264f33305004495a9","hash":"d966c4bf95a36d48c7d9642bced2feb6ad4accfe"}
,"C:\\Users\\mgonz\\Desktop\\obligatorio-barcala_camejo_quevedo\\dominio\\usuario.js": {"path":"C:\\Users\\mgonz\\Desktop\\obligatorio-barcala_camejo_quevedo\\dominio\\usuario.js","statementMap":{"0":{"start":{"line":6,"column":8},"end":{"line":6,"column":27}},"1":{"start":{"line":7,"column":8},"end":{"line":7,"column":33}},"2":{"start":{"line":11,"column":8},"end":{"line":11,"column":42}},"3":{"start":{"line":15,"column":0},"end":{"line":15,"column":25}}},"fnMap":{"0":{"name":"(anonymous_0)","decl":{"start":{"line":5,"column":4},"end":{"line":5,"column":5}},"loc":{"start":{"line":5,"column":31},"end":{"line":8,"column":5}},"line":5},"1":{"name":"(anonymous_1)","decl":{"start":{"line":10,"column":4},"end":{"line":10,"column":5}},"loc":{"start":{"line":10,"column":14},"end":{"line":12,"column":5}},"line":10}},"branchMap":{},"s":{"0":2,"1":2,"2":0,"3":2},"f":{"0":2,"1":0},"b":{},"_coverageSchema":"1a1c01bbd47fc00a2c39e90264f33305004495a9","hash":"9959c5bdfccc06c95888122e1a646d139ee330d7"}
}
