TN:
SF:balance.js
FN:2,(anonymous_0)
FN:10,(anonymous_1)
FN:13,(anonymous_2)
FN:16,(anonymous_3)
FN:19,(anonymous_4)
FN:22,(anonymous_5)
FN:26,(anonymous_6)
FN:30,(anonymous_7)
FN:34,(anonymous_8)
FN:38,(anonymous_9)
FN:42,(anonymous_10)
FN:47,(anonymous_11)
FN:51,(anonymous_12)
FN:59,(anonymous_13)
FN:86,(anonymous_14)
FN:92,(anonymous_15)
FNF:16
FNH:16
FNDA:1,(anonymous_0)
FNDA:2,(anonymous_1)
FNDA:1,(anonymous_2)
FNDA:5,(anonymous_3)
FNDA:6,(anonymous_4)
FNDA:4,(anonymous_5)
FNDA:2,(anonymous_6)
FNDA:1,(anonymous_7)
FNDA:2,(anonymous_8)
FNDA:5,(anonymous_9)
FNDA:3,(anonymous_10)
FNDA:3,(anonymous_11)
FNDA:11,(anonymous_12)
FNDA:32,(anonymous_13)
FNDA:1,(anonymous_14)
FNDA:3,(anonymous_15)
DA:3,1
DA:4,1
DA:5,1
DA:6,1
DA:7,1
DA:11,2
DA:14,1
DA:17,5
DA:20,6
DA:23,4
DA:27,2
DA:28,2
DA:31,1
DA:32,1
DA:35,2
DA:36,2
DA:39,5
DA:40,5
DA:43,3
DA:44,3
DA:48,3
DA:49,3
DA:53,11
DA:54,11
DA:55,10
DA:56,10
DA:59,10
DA:60,32
DA:61,5
DA:62,4
DA:65,1
DA:66,1
DA:70,27
DA:71,22
DA:74,5
DA:75,5
DA:79,10
DA:80,4
DA:81,4
DA:82,4
DA:87,1
DA:88,1
DA:89,1
DA:93,3
DA:94,3
DA:95,3
DA:96,3
DA:97,2
DA:99,1
DA:101,2
DA:103,2
DA:109,1
LF:52
LH:52
BRDA:54,0,0,17
BRDA:54,0,1,10
BRDA:60,1,0,5
BRDA:60,1,1,27
BRDA:61,2,0,4
BRDA:61,2,1,1
BRDA:70,3,0,22
BRDA:70,3,1,5
BRDA:79,4,0,4
BRDA:79,4,1,6
BRDA:96,5,0,2
BRDA:96,5,1,1
BRDA:96,6,0,3
BRDA:96,6,1,3
BRDA:97,7,0,1
BRDA:97,7,1,2
BRDA:97,7,2,2
BRF:17
BRH:17
end_of_record
TN:
SF:category.js
FN:2,(anonymous_0)
FN:10,(anonymous_1)
FNF:2
FNH:2
FNDA:1,(anonymous_0)
FNDA:1,(anonymous_1)
DA:4,1
DA:5,1
DA:6,1
DA:7,1
DA:11,1
DA:17,1
LF:6
LH:6
BRF:0
BRH:0
end_of_record
TN:
SF:expense.js
FN:3,(anonymous_0)
FN:13,(anonymous_1)
FNF:2
FNH:2
FNDA:3,(anonymous_0)
FNDA:3,(anonymous_1)
DA:4,3
DA:5,3
DA:6,3
DA:7,3
DA:8,3
DA:9,3
DA:10,3
DA:14,3
DA:26,2
LF:9
LH:9
BRF:0
BRH:0
end_of_record
TN:
SF:income.js
FN:2,(anonymous_0)
FN:11,(anonymous_1)
FNF:2
FNH:2
FNDA:4,(anonymous_0)
FNDA:2,(anonymous_1)
DA:3,4
DA:4,4
DA:5,4
DA:6,4
DA:7,4
DA:8,4
DA:12,2
DA:23,2
LF:8
LH:8
BRF:0
BRH:0
end_of_record
TN:
SF:saving.js
FN:2,(anonymous_0)
FN:10,(anonymous_1)
FNF:2
FNH:2
FNDA:3,(anonymous_0)
FNDA:1,(anonymous_1)
DA:3,3
DA:4,3
DA:5,3
DA:6,3
DA:7,3
DA:8,3
DA:11,1
DA:21,2
LF:8
LH:8
BRF:0
BRH:0
end_of_record
TN:
SF:sistema.js
FN:7,(anonymous_0)
FN:15,(anonymous_1)
FN:21,(anonymous_2)
FN:38,(anonymous_3)
FN:78,(anonymous_4)
FN:88,(anonymous_5)
FNF:6
FNH:4
FNDA:1,(anonymous_0)
FNDA:1,(anonymous_1)
FNDA:1,(anonymous_2)
FNDA:1,(anonymous_3)
FNDA:0,(anonymous_4)
FNDA:0,(anonymous_5)
DA:3,1
DA:8,1
DA:9,1
DA:10,1
DA:11,1
DA:16,1
DA:17,1
DA:18,1
DA:22,1
DA:23,1
DA:24,1
DA:25,1
DA:26,8
DA:27,8
DA:28,8
DA:29,41
DA:30,1
DA:34,1
DA:35,1
DA:39,1
DA:40,1
DA:41,1
DA:44,1
DA:46,1
DA:47,1
DA:49,0
DA:50,0
DA:52,0
DA:53,0
DA:55,0
DA:56,0
DA:58,0
DA:59,0
DA:61,0
DA:62,0
DA:64,0
DA:65,0
DA:67,0
DA:68,0
DA:71,1
DA:72,1
DA:73,1
DA:74,1
DA:75,1
DA:79,0
DA:80,0
DA:81,0
DA:82,0
DA:85,0
DA:90,0
DA:92,0
DA:93,0
DA:95,0
DA:96,0
DA:98,0
DA:99,0
DA:101,0
DA:102,0
DA:104,0
DA:105,0
DA:107,0
DA:108,0
DA:110,0
DA:111,0
DA:113,0
DA:114,0
DA:117,0
DA:118,0
DA:119,0
DA:120,0
DA:121,0
DA:122,0
DA:123,0
DA:124,0
DA:127,0
DA:128,0
DA:135,1
LF:77
LH:31
BRDA:29,0,0,1
BRDA:29,0,1,40
BRDA:29,1,0,41
BRDA:29,1,1,2
BRDA:44,2,0,1
BRDA:44,2,1,0
BRDA:44,2,2,0
BRDA:44,2,3,0
BRDA:44,2,4,0
BRDA:44,2,5,0
BRDA:44,2,6,0
BRDA:44,2,7,0
BRDA:81,3,0,0
BRDA:81,3,1,0
BRDA:90,4,0,0
BRDA:90,4,1,0
BRDA:90,4,2,0
BRDA:90,4,3,0
BRDA:90,4,4,0
BRDA:90,4,5,0
BRDA:90,4,6,0
BRDA:90,4,7,0
BRF:22
BRH:5
end_of_record
TN:
SF:usuario.js
FN:5,(anonymous_0)
FN:10,(anonymous_1)
FNF:2
FNH:1
FNDA:2,(anonymous_0)
FNDA:0,(anonymous_1)
DA:6,2
DA:7,2
DA:11,0
DA:15,2
LF:4
LH:3
BRF:0
BRH:0
end_of_record
