TN:
SF:sistema.js
FN:8,(anonymous_0)
FN:28,(anonymous_1)
FN:46,(anonymous_2)
FN:70,(anonymous_3)
FN:115,(anonymous_4)
FN:131,(anonymous_5)
FNF:6
FNH:4
FNDA:1,(anonymous_0)
FNDA:1,(anonymous_1)
FNDA:1,(anonymous_2)
FNDA:1,(anonymous_3)
FNDA:0,(anonymous_4)
FNDA:0,(anonymous_5)
DA:9,1
DA:10,1
DA:11,1
DA:12,1
DA:29,1
DA:30,1
DA:38,1
DA:47,1
DA:48,1
DA:49,1
DA:50,1
DA:51,8
DA:52,8
DA:53,8
DA:54,48
DA:56,1
DA:60,1
DA:61,1
DA:71,1
DA:72,1
DA:73,1
DA:76,1
DA:78,1
DA:79,1
DA:81,0
DA:82,0
DA:84,0
DA:85,0
DA:87,0
DA:88,0
DA:90,0
DA:91,0
DA:93,0
DA:94,0
DA:96,0
DA:97,0
DA:99,0
DA:100,0
DA:103,1
DA:104,1
DA:105,1
DA:106,1
DA:107,1
DA:116,0
DA:117,0
DA:118,0
DA:119,0
DA:122,0
DA:133,0
DA:135,0
DA:136,0
DA:138,0
DA:139,0
DA:141,0
DA:142,0
DA:144,0
DA:145,0
DA:147,0
DA:148,0
DA:150,0
DA:151,0
DA:153,0
DA:154,0
DA:156,0
DA:157,0
DA:160,0
DA:161,0
DA:162,0
DA:163,0
DA:164,0
DA:165,0
DA:166,0
DA:167,0
DA:170,0
DA:171,0
DA:175,1
LF:76
LH:30
BRDA:54,0,0,1
BRDA:54,0,1,47
BRDA:54,1,0,48
BRDA:54,1,1,2
BRDA:76,2,0,1
BRDA:76,2,1,0
BRDA:76,2,2,0
BRDA:76,2,3,0
BRDA:76,2,4,0
BRDA:76,2,5,0
BRDA:76,2,6,0
BRDA:76,2,7,0
BRDA:118,3,0,0
BRDA:118,3,1,0
BRDA:133,4,0,0
BRDA:133,4,1,0
BRDA:133,4,2,0
BRDA:133,4,3,0
BRDA:133,4,4,0
BRDA:133,4,5,0
BRDA:133,4,6,0
BRDA:133,4,7,0
BRF:22
BRH:5
end_of_record
TN:
SF:usuario.js
FN:2,(anonymous_0)
FN:8,(anonymous_1)
FNF:2
FNH:1
FNDA:2,(anonymous_0)
FNDA:0,(anonymous_1)
DA:3,2
DA:4,2
DA:5,2
DA:9,0
DA:13,2
LF:5
LH:4
BRF:0
BRH:0
end_of_record
